<?xml version="1.0" encoding="UTF-8"?>
<robot generator="Robot 4.1 (Python 3.9.6 on darwin)" generated="20210821 11:28:19.382" rpa="false" schemaversion="2">
<suite id="s1" name="Cotacao" source="/Users/laylla.rodrigues/seguro_novo/auto_km/test/cotacao.robot">
<test id="s1-t1" name="Selecionando cotar">
<kw name="Open Browser" library="SeleniumLibrary">
<arg>https://cotacao.youse.com.br/seguro-auto-por-km/</arg>
<arg>chrome</arg>
<doc>Opens a new browser instance to the optional ``url``.</doc>
<msg timestamp="20210821 11:28:19.858" level="INFO">Opening browser 'chrome' to base url 'https://cotacao.youse.com.br/seguro-auto-por-km/'.</msg>
<status status="PASS" starttime="20210821 11:28:19.858" endtime="20210821 11:28:31.163"/>
</kw>
<kw name="Sleep" library="BuiltIn">
<arg>10s</arg>
<doc>Pauses the test executed for the given time.</doc>
<msg timestamp="20210821 11:28:41.170" level="INFO">Slept 10 seconds</msg>
<status status="PASS" starttime="20210821 11:28:31.166" endtime="20210821 11:28:41.170"/>
</kw>
<kw name="Input Text" library="SeleniumLibrary">
<arg>class:jss5</arg>
<arg>John Hohn</arg>
<doc>Types the given ``text`` into the text field identified by ``locator``.</doc>
<msg timestamp="20210821 11:28:41.173" level="INFO">Typing text 'John Hohn' into text field 'class:jss5'.</msg>
<status status="PASS" starttime="20210821 11:28:41.171" endtime="20210821 11:28:41.595"/>
</kw>
<kw name="Input Text" library="SeleniumLibrary">
<arg>css:input[type='tel']</arg>
<arg>${cpf}</arg>
<doc>Types the given ``text`` into the text field identified by ``locator``.</doc>
<msg timestamp="20210821 11:28:41.597" level="INFO">Typing text 'Convert To Number 38249531884' into text field 'css:input[type='tel']'.</msg>
<status status="PASS" starttime="20210821 11:28:41.596" endtime="20210821 11:28:42.263"/>
</kw>
<kw name="Input Text" library="SeleniumLibrary">
<arg>css:input[type='email']</arg>
<arg>laylla@teste.com.br</arg>
<doc>Types the given ``text`` into the text field identified by ``locator``.</doc>
<msg timestamp="20210821 11:28:42.264" level="INFO">Typing text 'laylla@teste.com.br' into text field 'css:input[type='email']'.</msg>
<status status="PASS" starttime="20210821 11:28:42.264" endtime="20210821 11:28:42.712"/>
</kw>
<kw name="Input Text" library="SeleniumLibrary">
<arg>css:input[type='phone']</arg>
<arg>${phone}</arg>
<doc>Types the given ``text`` into the text field identified by ``locator``.</doc>
<msg timestamp="20210821 11:28:42.714" level="INFO">Typing text 'Convert To Number 11933998877' into text field 'css:input[type='phone']'.</msg>
<status status="PASS" starttime="20210821 11:28:42.712" endtime="20210821 11:28:43.313"/>
</kw>
<kw name="Click Element" library="SeleniumLibrary">
<arg>id:insuredPersonMaritalStatus</arg>
<doc>Click the element identified by ``locator``.</doc>
<msg timestamp="20210821 11:28:43.315" level="INFO">Clicking element 'id:insuredPersonMaritalStatus'.</msg>
<status status="PASS" starttime="20210821 11:28:43.314" endtime="20210821 11:28:43.443"/>
</kw>
<kw name="Click Element" library="SeleniumLibrary">
<arg>class:MuiList-padding</arg>
<doc>Click the element identified by ``locator``.</doc>
<msg timestamp="20210821 11:28:43.443" level="INFO">Clicking element 'class:MuiList-padding'.</msg>
<status status="PASS" starttime="20210821 11:28:43.443" endtime="20210821 11:28:43.778"/>
</kw>
<kw name="Select Checkbox" library="SeleniumLibrary">
<doc>Selects the checkbox identified by ``locator``.</doc>
<msg timestamp="20210821 11:28:43.782" level="FAIL">Keyword 'SeleniumLibrary.Select Checkbox' expected 1 argument, got 0.</msg>
<status status="FAIL" starttime="20210821 11:28:43.779" endtime="20210821 11:28:43.783"/>
</kw>
<kw name="Sleep" library="BuiltIn">
<arg>10s</arg>
<doc>Pauses the test executed for the given time.</doc>
<status status="NOT RUN" starttime="20210821 11:28:43.784" endtime="20210821 11:28:43.785"/>
</kw>
<kw name="Encerra sessão" library="base" type="TEARDOWN">
<kw name="Capture Page Screenshot" library="SeleniumLibrary">
<doc>Takes a screenshot of the current page and embeds it into a log file.</doc>
<msg timestamp="20210821 11:28:44.178" level="INFO" html="true">&lt;/td&gt;&lt;/tr&gt;&lt;tr&gt;&lt;td colspan="3"&gt;&lt;a href="selenium-screenshot-1.png"&gt;&lt;img src="selenium-screenshot-1.png" width="800px"&gt;&lt;/a&gt;</msg>
<status status="PASS" starttime="20210821 11:28:43.789" endtime="20210821 11:28:44.178"/>
</kw>
<kw name="Close Browser" library="SeleniumLibrary">
<doc>Closes the current browser.</doc>
<status status="PASS" starttime="20210821 11:28:44.178" endtime="20210821 11:28:44.515"/>
</kw>
<status status="PASS" starttime="20210821 11:28:43.787" endtime="20210821 11:28:44.515"/>
</kw>
<status status="FAIL" starttime="20210821 11:28:19.857" endtime="20210821 11:28:44.516">Keyword 'SeleniumLibrary.Select Checkbox' expected 1 argument, got 0.</status>
</test>
<status status="FAIL" starttime="20210821 11:28:19.383" endtime="20210821 11:28:44.519"/>
</suite>
<statistics>
<total>
<stat pass="0" fail="1" skip="0">All Tests</stat>
</total>
<tag>
</tag>
<suite>
<stat pass="0" fail="1" skip="0" id="s1" name="Cotacao">Cotacao</stat>
</suite>
</statistics>
<errors>
</errors>
</robot>
