<?xml version="1.0" encoding="UTF-8"?>
<robot generator="Robot 4.1.2 (Python 3.9.6 on darwin)" generated="20211105 18:07:59.493" rpa="false" schemaversion="2">
<suite id="s1" name="Buy Auto Convencional" source="/Users/laylla.rodrigues/security_robot/automation/specs/buy_auto_convencional.robot">
<test id="s1-t1" name="Preenchendo cotação">
<kw name="Nova sessão auto" library="Base" type="SETUP">
<kw name="Set Selenium Timeout" library="SeleniumLibrary">
<arg>30s</arg>
<doc>Sets the timeout that is used by various keywords.</doc>
<status status="PASS" starttime="20211105 18:08:00.530" endtime="20211105 18:08:00.531"/>
</kw>
<kw name="Open Browser" library="SeleniumLibrary">
<arg>${url_auto}</arg>
<arg>chrome</arg>
<doc>Opens a new browser instance to the optional ``url``.</doc>
<msg timestamp="20211105 18:08:00.531" level="INFO">Opening browser 'chrome' to base url 'https://www-stage.youse.io/seguro-auto/'.</msg>
<status status="PASS" starttime="20211105 18:08:00.531" endtime="20211105 18:08:12.142"/>
</kw>
<status status="PASS" starttime="20211105 18:08:00.530" endtime="20211105 18:08:12.143"/>
</kw>
<kw name="Dado que selecionei cotar auto" library="Base">
<kw name="Wait Until Element Is Enabled" library="SeleniumLibrary">
<arg>xpath://*[@id="gatsby-focus-wrapper"]/main/div[1]/div/div/div/div/div[2]/span/a/div/div[2]/button</arg>
<doc>Waits until the element ``locator`` is enabled.</doc>
<status status="PASS" starttime="20211105 18:08:12.145" endtime="20211105 18:08:13.455"/>
</kw>
<kw name="Click Element" library="SeleniumLibrary">
<arg>xpath://*[@id="gatsby-focus-wrapper"]/main/div[1]/div/div/div/div/div[2]/span/a/div/div[2]/button</arg>
<doc>Click the element identified by ``locator``.</doc>
<msg timestamp="20211105 18:08:13.458" level="INFO">Clicking element 'xpath://*[@id="gatsby-focus-wrapper"]/main/div[1]/div/div/div/div/div[2]/span/a/div/div[2]/button'.</msg>
<status status="PASS" starttime="20211105 18:08:13.456" endtime="20211105 18:08:19.633"/>
</kw>
<status status="PASS" starttime="20211105 18:08:12.144" endtime="20211105 18:08:19.633"/>
</kw>
<kw name="E passei os dados do segurado" library="Base">
<kw name="Name" library="FakerLibrary">
<var>${name}</var>
<doc>:example 'John Doe'</doc>
<msg timestamp="20211105 18:08:19.635" level="INFO">${name} = Dra. Stella Barros</msg>
<status status="PASS" starttime="20211105 18:08:19.634" endtime="20211105 18:08:19.635"/>
</kw>
<kw name="Phone Number" library="FakerLibrary">
<var>${TELEFONEFAKE}</var>
<msg timestamp="20211105 18:08:19.637" level="INFO">${TELEFONEFAKE} = 0800-370-4176</msg>
<status status="PASS" starttime="20211105 18:08:19.635" endtime="20211105 18:08:19.637"/>
</kw>
<kw name="Wait Until Element Is Visible" library="SeleniumLibrary">
<arg>css:input[id="auto_order_flow_lead_person_data_lead_person_attributes_name"]</arg>
<doc>Waits until the element ``locator`` is visible.</doc>
<status status="PASS" starttime="20211105 18:08:19.637" endtime="20211105 18:08:21.349"/>
</kw>
<kw name="Input Text" library="SeleniumLibrary">
<arg>css:input[id="auto_order_flow_lead_person_data_lead_person_attributes_name"]</arg>
<arg>${name}</arg>
<doc>Types the given ``text`` into the text field identified by ``locator``.</doc>
<msg timestamp="20211105 18:08:21.350" level="INFO">Typing text 'Dra. Stella Barros' into text field 'css:input[id="auto_order_flow_lead_person_data_lead_person_attributes_name"]'.</msg>
<status status="PASS" starttime="20211105 18:08:21.349" endtime="20211105 18:08:22.720"/>
</kw>
<kw name="Wait Until Element Is Visible" library="SeleniumLibrary">
<arg>css:input[id="auto_order_flow_lead_person_data_lead_person_attributes_email"]</arg>
<doc>Waits until the element ``locator`` is visible.</doc>
<status status="PASS" starttime="20211105 18:08:22.720" endtime="20211105 18:08:22.924"/>
</kw>
<kw name="Input Text" library="SeleniumLibrary">
<arg>css:input[id="auto_order_flow_lead_person_data_lead_person_attributes_email"]</arg>
<arg>${email}</arg>
<doc>Types the given ``text`` into the text field identified by ``locator``.</doc>
<msg timestamp="20211105 18:08:22.925" level="INFO">Typing text 'cross@youse.com.br' into text field 'css:input[id="auto_order_flow_lead_person_data_lead_person_attributes_email"]'.</msg>
<status status="PASS" starttime="20211105 18:08:22.924" endtime="20211105 18:08:24.325"/>
</kw>
<kw name="Wait Until Element Is Visible" library="SeleniumLibrary">
<arg>css:input[id="auto_order_flow_lead_person_data_lead_person_attributes_phone"]</arg>
<doc>Waits until the element ``locator`` is visible.</doc>
<status status="PASS" starttime="20211105 18:08:24.325" endtime="20211105 18:08:24.376"/>
</kw>
<kw name="Input Text" library="SeleniumLibrary">
<arg>css:input[id="auto_order_flow_lead_person_data_lead_person_attributes_phone"]</arg>
<arg>${TELEFONEFAKE}</arg>
<doc>Types the given ``text`` into the text field identified by ``locator``.</doc>
<msg timestamp="20211105 18:08:24.377" level="INFO">Typing text '0800-370-4176' into text field 'css:input[id="auto_order_flow_lead_person_data_lead_person_attributes_phone"]'.</msg>
<status status="PASS" starttime="20211105 18:08:24.376" endtime="20211105 18:08:24.771"/>
</kw>
<kw name="Wait Until Element Is Visible" library="SeleniumLibrary">
<arg>css:input[value="Continuar"]</arg>
<doc>Waits until the element ``locator`` is visible.</doc>
<status status="PASS" starttime="20211105 18:08:24.771" endtime="20211105 18:08:25.400"/>
</kw>
<kw name="Click Element" library="SeleniumLibrary">
<arg>css:input[value="Continuar"]</arg>
<doc>Click the element identified by ``locator``.</doc>
<msg timestamp="20211105 18:08:25.401" level="INFO">Clicking element 'css:input[value="Continuar"]'.</msg>
<status status="PASS" starttime="20211105 18:08:25.400" endtime="20211105 18:08:27.973"/>
</kw>
<status status="PASS" starttime="20211105 18:08:19.633" endtime="20211105 18:08:27.973"/>
</kw>
<kw name="E informei a placa e dados do veiculo" library="Base">
<kw name="Wait Until Element Is Visible" library="SeleniumLibrary">
<arg>xpath://*[@id="auto_order_flow_pricing_requirements_vehicle_attributes_license_plate_or_vin"]</arg>
<doc>Waits until the element ``locator`` is visible.</doc>
<status status="PASS" starttime="20211105 18:08:27.974" endtime="20211105 18:08:38.350"/>
</kw>
<kw name="Input Text" library="SeleniumLibrary">
<arg>xpath://*[@id="auto_order_flow_pricing_requirements_vehicle_attributes_license_plate_or_vin"]</arg>
<arg>you0003</arg>
<doc>Types the given ``text`` into the text field identified by ``locator``.</doc>
<msg timestamp="20211105 18:08:38.351" level="INFO">Typing text 'you0003' into text field 'xpath://*[@id="auto_order_flow_pricing_requirements_vehicle_attributes_license_plate_or_vin"]'.</msg>
<status status="PASS" starttime="20211105 18:08:38.350" endtime="20211105 18:08:40.978"/>
</kw>
<kw name="Sleep" library="BuiltIn">
<arg>2</arg>
<doc>Pauses the test executed for the given time.</doc>
<msg timestamp="20211105 18:08:42.979" level="INFO">Slept 2 seconds</msg>
<status status="PASS" starttime="20211105 18:08:40.978" endtime="20211105 18:08:42.979"/>
</kw>
<kw name="Click Element" library="SeleniumLibrary">
<arg>xpath://*[@id="vehicle-usage-section"]/fieldset/div/div[1]</arg>
<doc>Click the element identified by ``locator``.</doc>
<msg timestamp="20211105 18:08:42.980" level="INFO">Clicking element 'xpath://*[@id="vehicle-usage-section"]/fieldset/div/div[1]'.</msg>
<status status="PASS" starttime="20211105 18:08:42.979" endtime="20211105 18:08:43.136"/>
</kw>
<kw name="Wait Until Element Is Visible" library="SeleniumLibrary">
<arg>css:label[class="radio-button__fake-radio"][for="bullet_proof_false"]</arg>
<doc>Waits until the element ``locator`` is visible.</doc>
<status status="PASS" starttime="20211105 18:08:43.136" endtime="20211105 18:08:43.180"/>
</kw>
<kw name="Click Element" library="SeleniumLibrary">
<arg>css:label[class="radio-button__fake-radio"][for="bullet_proof_false"]</arg>
<doc>Click the element identified by ``locator``.</doc>
<msg timestamp="20211105 18:08:43.181" level="INFO">Clicking element 'css:label[class="radio-button__fake-radio"][for="bullet_proof_false"]'.</msg>
<status status="PASS" starttime="20211105 18:08:43.180" endtime="20211105 18:08:43.392"/>
</kw>
<kw name="Input Text" library="SeleniumLibrary">
<arg>xpath://*[@id="auto_order_flow_pricing_requirements_vehicle_attributes_address_attributes_zipcode"]</arg>
<arg>04538-133</arg>
<doc>Types the given ``text`` into the text field identified by ``locator``.</doc>
<msg timestamp="20211105 18:08:43.394" level="INFO">Typing text '04538-133' into text field 'xpath://*[@id="auto_order_flow_pricing_requirements_vehicle_attributes_address_attributes_zipcode"]'.</msg>
<status status="PASS" starttime="20211105 18:08:43.393" endtime="20211105 18:08:44.069"/>
</kw>
<kw name="Click Element" library="SeleniumLibrary">
<arg>xpath://*[@id="auto_order_flow_pricing_requirements_vehicle_attributes_address_attributes_number"]</arg>
<doc>Click the element identified by ``locator``.</doc>
<msg timestamp="20211105 18:08:44.070" level="INFO">Clicking element 'xpath://*[@id="auto_order_flow_pricing_requirements_vehicle_attributes_address_attributes_number"]'.</msg>
<status status="PASS" starttime="20211105 18:08:44.070" endtime="20211105 18:08:44.418"/>
</kw>
<kw name="Sleep" library="BuiltIn">
<arg>2</arg>
<doc>Pauses the test executed for the given time.</doc>
<msg timestamp="20211105 18:08:46.419" level="INFO">Slept 2 seconds</msg>
<status status="PASS" starttime="20211105 18:08:44.418" endtime="20211105 18:08:46.419"/>
</kw>
<kw name="Input Text" library="SeleniumLibrary">
<arg>xpath://*[@id="auto_order_flow_pricing_requirements_vehicle_attributes_address_attributes_number"]</arg>
<arg>90</arg>
<doc>Types the given ``text`` into the text field identified by ``locator``.</doc>
<msg timestamp="20211105 18:08:46.419" level="INFO">Typing text '90' into text field 'xpath://*[@id="auto_order_flow_pricing_requirements_vehicle_attributes_address_attributes_number"]'.</msg>
<status status="PASS" starttime="20211105 18:08:46.419" endtime="20211105 18:08:46.525"/>
</kw>
<kw name="Input Text" library="SeleniumLibrary">
<arg>css:input[id="auto_order_flow_pricing_requirements_insured_person_attributes_cpf"]</arg>
<arg>123.456.751-28</arg>
<doc>Types the given ``text`` into the text field identified by ``locator``.</doc>
<msg timestamp="20211105 18:08:46.526" level="INFO">Typing text '123.456.751-28' into text field 'css:input[id="auto_order_flow_pricing_requirements_insured_person_attributes_cpf"]'.</msg>
<status status="PASS" starttime="20211105 18:08:46.525" endtime="20211105 18:08:47.160"/>
</kw>
<kw name="Wait Until Element Is Visible" library="SeleniumLibrary">
<arg>css:label[class="radio-button__fake-radio"][for="has_insurance_false"]</arg>
<doc>Waits until the element ``locator`` is visible.</doc>
<status status="PASS" starttime="20211105 18:08:47.160" endtime="20211105 18:08:47.307"/>
</kw>
<kw name="Click Element" library="SeleniumLibrary">
<arg>css:label[class="radio-button__fake-radio"][for="has_insurance_false"]</arg>
<doc>Click the element identified by ``locator``.</doc>
<msg timestamp="20211105 18:08:47.308" level="INFO">Clicking element 'css:label[class="radio-button__fake-radio"][for="has_insurance_false"]'.</msg>
<status status="PASS" starttime="20211105 18:08:47.307" endtime="20211105 18:08:48.052"/>
</kw>
<kw name="Click Element" library="SeleniumLibrary">
<arg>css:label[class="radio-button__fake-radio"][for="product_consent_false"]</arg>
<doc>Click the element identified by ``locator``.</doc>
<msg timestamp="20211105 18:08:48.052" level="INFO">Clicking element 'css:label[class="radio-button__fake-radio"][for="product_consent_false"]'.</msg>
<status status="PASS" starttime="20211105 18:08:48.052" endtime="20211105 18:08:48.276"/>
</kw>
<kw name="Click Element" library="SeleniumLibrary">
<arg>css:input[type="submit"][name="commit"]</arg>
<doc>Click the element identified by ``locator``.</doc>
<msg timestamp="20211105 18:08:48.277" level="INFO">Clicking element 'css:input[type="submit"][name="commit"]'.</msg>
<status status="PASS" starttime="20211105 18:08:48.276" endtime="20211105 18:08:55.964"/>
</kw>
<kw name="Wait Until Element Is Visible" library="SeleniumLibrary">
<arg>xpath://*[@id="modal_01"]/div[4]/a[1]</arg>
<doc>Waits until the element ``locator`` is visible.</doc>
<status status="PASS" starttime="20211105 18:08:55.964" endtime="20211105 18:08:56.796"/>
</kw>
<kw name="Click Element" library="SeleniumLibrary">
<arg>xpath://*[@id="modal_01"]/div[4]/a[1]</arg>
<doc>Click the element identified by ``locator``.</doc>
<msg timestamp="20211105 18:08:56.797" level="INFO">Clicking element 'xpath://*[@id="modal_01"]/div[4]/a[1]'.</msg>
<status status="PASS" starttime="20211105 18:08:56.796" endtime="20211105 18:08:56.966"/>
</kw>
<status status="PASS" starttime="20211105 18:08:27.974" endtime="20211105 18:08:56.966"/>
</kw>
<kw name="E escolhi o plano basico" library="Base">
<kw name="Wait Until Element Is Visible" library="SeleniumLibrary">
<arg>xpath://*[@id="preformatted-coverages-auto-plans-9"]/div[1]/button</arg>
<doc>Waits until the element ``locator`` is visible.</doc>
<status status="PASS" starttime="20211105 18:08:56.967" endtime="20211105 18:08:57.226"/>
</kw>
<kw name="Click Element" library="SeleniumLibrary">
<arg>xpath://*[@id="preformatted-coverages-auto-plans-9"]/div[1]/button</arg>
<doc>Click the element identified by ``locator``.</doc>
<msg timestamp="20211105 18:08:57.227" level="INFO">Clicking element 'xpath://*[@id="preformatted-coverages-auto-plans-9"]/div[1]/button'.</msg>
<status status="PASS" starttime="20211105 18:08:57.226" endtime="20211105 18:08:57.558"/>
</kw>
<status status="PASS" starttime="20211105 18:08:56.966" endtime="20211105 18:08:57.559"/>
</kw>
<kw name="Quando os dados de pagamento forem preenchidos corretamente" library="Base">
<kw name="Name" library="FakerLibrary">
<var>${name}</var>
<doc>:example 'John Doe'</doc>
<msg timestamp="20211105 18:08:57.560" level="INFO">${name} = Cauã Viana</msg>
<status status="PASS" starttime="20211105 18:08:57.560" endtime="20211105 18:08:57.560"/>
</kw>
<kw name="Wait Until Element Is Visible" library="SeleniumLibrary">
<arg>css:input[name="email"][id="email"]</arg>
<doc>Waits until the element ``locator`` is visible.</doc>
<status status="PASS" starttime="20211105 18:08:57.560" endtime="20211105 18:09:01.665"/>
</kw>
<kw name="Input Text" library="SeleniumLibrary">
<arg>css:input[name="email"][id="email"]</arg>
<arg>${email}</arg>
<doc>Types the given ``text`` into the text field identified by ``locator``.</doc>
<msg timestamp="20211105 18:09:01.666" level="INFO">Typing text 'cross@youse.com.br' into text field 'css:input[name="email"][id="email"]'.</msg>
<status status="PASS" starttime="20211105 18:09:01.665" endtime="20211105 18:09:02.028"/>
</kw>
<kw name="Click Element" library="SeleniumLibrary">
<arg>css:input[value="próximo passo"]</arg>
<doc>Click the element identified by ``locator``.</doc>
<msg timestamp="20211105 18:09:02.029" level="INFO">Clicking element 'css:input[value="próximo passo"]'.</msg>
<status status="PASS" starttime="20211105 18:09:02.028" endtime="20211105 18:09:02.237"/>
</kw>
<kw name="Wait Until Element Is Visible" library="SeleniumLibrary">
<arg>css:input[name="user[password]"][id="user_password"]</arg>
<doc>Waits until the element ``locator`` is visible.</doc>
<status status="PASS" starttime="20211105 18:09:02.238" endtime="20211105 18:09:03.749"/>
</kw>
<kw name="Input Text" library="SeleniumLibrary">
<arg>css:input[name="user[password]"][id="user_password"]</arg>
<arg>Youse123*</arg>
<doc>Types the given ``text`` into the text field identified by ``locator``.</doc>
<msg timestamp="20211105 18:09:03.750" level="INFO">Typing text 'Youse123*' into text field 'css:input[name="user[password]"][id="user_password"]'.</msg>
<status status="PASS" starttime="20211105 18:09:03.749" endtime="20211105 18:09:04.021"/>
</kw>
<kw name="Scroll Element Into View" library="SeleniumLibrary">
<arg>css:a[class="button button--secondary"][tabindex="7"]</arg>
<doc>Scrolls the element identified by ``locator`` into view.</doc>
<status status="PASS" starttime="20211105 18:09:04.022" endtime="20211105 18:09:04.307"/>
</kw>
<kw name="Click Element" library="SeleniumLibrary">
<arg>css:input[name="commit"][value="entrar"]</arg>
<doc>Click the element identified by ``locator``.</doc>
<msg timestamp="20211105 18:09:04.308" level="INFO">Clicking element 'css:input[name="commit"][value="entrar"]'.</msg>
<status status="PASS" starttime="20211105 18:09:04.308" endtime="20211105 18:09:14.494"/>
</kw>
<kw name="Click Element" library="SeleniumLibrary">
<arg>css:input[class="offers__checkbox_input"]</arg>
<doc>Click the element identified by ``locator``.</doc>
<msg timestamp="20211105 18:09:14.495" level="INFO">Clicking element 'css:input[class="offers__checkbox_input"]'.</msg>
<kw name="Capture Page Screenshot" library="SeleniumLibrary">
<doc>Takes a screenshot of the current page and embeds it into a log file.</doc>
<msg timestamp="20211105 18:09:17.503" level="INFO" html="true">&lt;/td&gt;&lt;/tr&gt;&lt;tr&gt;&lt;td colspan="3"&gt;&lt;a href="selenium-screenshot-102.png"&gt;&lt;img src="selenium-screenshot-102.png" width="800px"&gt;&lt;/a&gt;</msg>
<status status="PASS" starttime="20211105 18:09:17.074" endtime="20211105 18:09:17.504"/>
</kw>
<msg timestamp="20211105 18:09:17.512" level="FAIL">ElementClickInterceptedException: Message: element click intercepted: Element &lt;input class="offers__checkbox_input" type="checkbox" value="28.49"&gt; is not clickable at point (158, 183). Other element would receive the click: &lt;label class="offers__checkbox_label"&gt;&lt;/label&gt;
  (Session info: chrome=95.0.4638.69)
</msg>
<status status="FAIL" starttime="20211105 18:09:14.494" endtime="20211105 18:09:17.513"/>
</kw>
<kw name="Wait Until Element Is Visible" library="SeleniumLibrary">
<arg>css:a[data-offer-accept="life"]</arg>
<doc>Waits until the element ``locator`` is visible.</doc>
<status status="NOT RUN" starttime="20211105 18:09:17.513" endtime="20211105 18:09:17.513"/>
</kw>
<kw name="Click Element" library="SeleniumLibrary">
<arg>css:a[data-offer-accept="life"]</arg>
<doc>Click the element identified by ``locator``.</doc>
<status status="NOT RUN" starttime="20211105 18:09:17.514" endtime="20211105 18:09:17.514"/>
</kw>
<kw name="Wait Until Element Is Visible" library="SeleniumLibrary">
<arg>xpath://*[@id="component-container"]/div/div/div[2]/div[1]/div[1]/label/span[2]/span</arg>
<doc>Waits until the element ``locator`` is visible.</doc>
<status status="NOT RUN" starttime="20211105 18:09:17.514" endtime="20211105 18:09:17.514"/>
</kw>
<kw name="Scroll Element Into View" library="SeleniumLibrary">
<arg>xpath://*[@id="component-container"]/div/div/div[2]/div[1]/div[1]/label/span[2]/span</arg>
<doc>Scrolls the element identified by ``locator`` into view.</doc>
<status status="NOT RUN" starttime="20211105 18:09:17.514" endtime="20211105 18:09:17.514"/>
</kw>
<kw name="Select Frame" library="SeleniumLibrary">
<arg>css:iframe[class="js-iframe"][title="Iframe for secured card data input field"]</arg>
<doc>Sets frame identified by ``locator`` as the current frame.</doc>
<status status="NOT RUN" starttime="20211105 18:09:17.514" endtime="20211105 18:09:17.514"/>
</kw>
<kw name="Wait Until Element Is Visible" library="SeleniumLibrary">
<arg>css:input[class="js-iframe-input input-field"][id="encryptedCardNumber"]</arg>
<doc>Waits until the element ``locator`` is visible.</doc>
<status status="NOT RUN" starttime="20211105 18:09:17.515" endtime="20211105 18:09:17.515"/>
</kw>
<kw name="Input Text" library="SeleniumLibrary">
<arg>css:input[class="js-iframe-input input-field"][id="encryptedCardNumber"]</arg>
<arg>${card}</arg>
<doc>Types the given ``text`` into the text field identified by ``locator``.</doc>
<status status="NOT RUN" starttime="20211105 18:09:17.515" endtime="20211105 18:09:17.515"/>
</kw>
<kw name="Unselect Frame" library="SeleniumLibrary">
<doc>Sets the main frame as the current frame.</doc>
<status status="NOT RUN" starttime="20211105 18:09:17.515" endtime="20211105 18:09:17.515"/>
</kw>
<kw name="Select Frame" library="SeleniumLibrary">
<arg>css:iframe[class="js-iframe"][title="Iframe para data de validade do cartão seguro"]</arg>
<doc>Sets frame identified by ``locator`` as the current frame.</doc>
<status status="NOT RUN" starttime="20211105 18:09:17.516" endtime="20211105 18:09:17.516"/>
</kw>
<kw name="Wait Until Element Is Visible" library="SeleniumLibrary">
<arg>css:input[class="js-iframe-input input-field"][id="encryptedExpiryDate"]</arg>
<doc>Waits until the element ``locator`` is visible.</doc>
<status status="NOT RUN" starttime="20211105 18:09:17.516" endtime="20211105 18:09:17.516"/>
</kw>
<kw name="Input Text" library="SeleniumLibrary">
<arg>css:input[class="js-iframe-input input-field"][id="encryptedExpiryDate"]</arg>
<arg>${date}</arg>
<doc>Types the given ``text`` into the text field identified by ``locator``.</doc>
<status status="NOT RUN" starttime="20211105 18:09:17.516" endtime="20211105 18:09:17.516"/>
</kw>
<kw name="Unselect Frame" library="SeleniumLibrary">
<doc>Sets the main frame as the current frame.</doc>
<status status="NOT RUN" starttime="20211105 18:09:17.516" endtime="20211105 18:09:17.516"/>
</kw>
<kw name="Select Frame" library="SeleniumLibrary">
<arg>css:iframe[class="js-iframe"][title="Iframe para código de segurança do cartão seguro"]</arg>
<doc>Sets frame identified by ``locator`` as the current frame.</doc>
<status status="NOT RUN" starttime="20211105 18:09:17.517" endtime="20211105 18:09:17.517"/>
</kw>
<kw name="Wait Until Element Is Visible" library="SeleniumLibrary">
<arg>css:input[class="js-iframe-input input-field"][id="encryptedSecurityCode"]</arg>
<doc>Waits until the element ``locator`` is visible.</doc>
<status status="NOT RUN" starttime="20211105 18:09:17.517" endtime="20211105 18:09:17.517"/>
</kw>
<kw name="Input Text" library="SeleniumLibrary">
<arg>css:input[class="js-iframe-input input-field"][id="encryptedSecurityCode"]</arg>
<arg>${cvv}</arg>
<doc>Types the given ``text`` into the text field identified by ``locator``.</doc>
<status status="NOT RUN" starttime="20211105 18:09:17.517" endtime="20211105 18:09:17.517"/>
</kw>
<kw name="Unselect Frame" library="SeleniumLibrary">
<doc>Sets the main frame as the current frame.</doc>
<status status="NOT RUN" starttime="20211105 18:09:17.517" endtime="20211105 18:09:17.517"/>
</kw>
<kw name="Input Text" library="SeleniumLibrary">
<arg>css:input[placeholder="Nome como no cartão"]</arg>
<arg>${name}</arg>
<doc>Types the given ``text`` into the text field identified by ``locator``.</doc>
<status status="NOT RUN" starttime="20211105 18:09:17.518" endtime="20211105 18:09:17.519"/>
</kw>
<status status="FAIL" starttime="20211105 18:08:57.559" endtime="20211105 18:09:17.519"/>
</kw>
<kw name="ENTÃO devo visualizar a apolice" library="Base">
<status status="NOT RUN" starttime="20211105 18:09:17.520" endtime="20211105 18:09:17.520"/>
</kw>
<kw name="Encerra sessão" library="Base" type="TEARDOWN">
<msg timestamp="20211105 18:09:17.521" level="FAIL">User keyword 'Encerra sessão' contains no keywords.</msg>
<status status="FAIL" starttime="20211105 18:09:17.520" endtime="20211105 18:09:17.521">User keyword 'Encerra sessão' contains no keywords.</status>
</kw>
<status status="FAIL" starttime="20211105 18:08:00.529" endtime="20211105 18:09:17.521">ElementClickInterceptedException: Message: element click intercepted: Element &lt;input class="offers__checkbox_input" type="checkbox" value="28.49"&gt; is not clickable at point (158, 183). Other element would receive the click: &lt;label class="offers__checkbox_label"&gt;&lt;/label&gt;
  (Session info: chrome=95.0.4638.69)


Also teardown failed:
User keyword 'Encerra sessão' contains no keywords.</status>
</test>
<status status="FAIL" starttime="20211105 18:07:59.495" endtime="20211105 18:09:17.523"/>
</suite>
<statistics>
<total>
<stat pass="0" fail="1" skip="0">All Tests</stat>
</total>
<tag>
</tag>
<suite>
<stat pass="0" fail="1" skip="0" id="s1" name="Buy Auto Convencional">Buy Auto Convencional</stat>
</suite>
</statistics>
<errors>
</errors>
</robot>
