<?xml version="1.0" encoding="UTF-8"?>
<robot generator="Robot 4.1 (Python 3.9.6 on darwin)" generated="20210923 19:55:54.224" rpa="false" schemaversion="2">
<suite id="s1" name="Buy With Details Vehicle" source="/Users/laylla.rodrigues/security_robot/auto_km/specs/buy_with_details_vehicle.robot">
<test id="s1-t1" name="Preenchendo cotação">
<kw name="Nova sessão" library="Base" type="SETUP">
<kw name="Open Browser" library="SeleniumLibrary">
<arg>${url}/seguro-auto-por-km</arg>
<arg>chrome</arg>
<doc>Opens a new browser instance to the optional ``url``.</doc>
<msg timestamp="20210923 19:55:55.029" level="INFO">Opening browser 'chrome' to base url 'https://qa-cotacao.youse.io/seguro-auto-por-km'.</msg>
<status status="PASS" starttime="20210923 19:55:55.028" endtime="20210923 19:56:03.068"/>
</kw>
<status status="PASS" starttime="20210923 19:55:55.027" endtime="20210923 19:56:03.068"/>
</kw>
<kw name="Set Selenium Timeout" library="SeleniumLibrary">
<arg>50s</arg>
<doc>Sets the timeout that is used by various keywords.</doc>
<status status="PASS" starttime="20210923 19:56:03.069" endtime="20210923 19:56:03.072"/>
</kw>
<kw name="Validando que estou na tela inicial" library="Base">
<kw name="Get Locations" library="SeleniumLibrary">
<var>${tela_login}</var>
<doc>Returns and logs URLs of all windows of the selected browser.</doc>
<msg timestamp="20210923 19:56:03.468" level="INFO">Altogether 1 item.
1: https://qa-cotacao.youse.io/seguro-auto-por-km</msg>
<msg timestamp="20210923 19:56:03.468" level="INFO">${tela_login} = ['https://qa-cotacao.youse.io/seguro-auto-por-km']</msg>
<status status="PASS" starttime="20210923 19:56:03.073" endtime="20210923 19:56:03.468"/>
</kw>
<kw name="Location Should Contain" library="SeleniumLibrary">
<arg>seguro-auto-por-km</arg>
<doc>Verifies that the current URL contains ``expected``.</doc>
<msg timestamp="20210923 19:56:03.475" level="INFO">Current location contains 'seguro-auto-por-km'.</msg>
<status status="PASS" starttime="20210923 19:56:03.468" endtime="20210923 19:56:03.475"/>
</kw>
<status status="PASS" starttime="20210923 19:56:03.072" endtime="20210923 19:56:03.476"/>
</kw>
<kw name="Dado que preenchi os dados do segurado e motorista" library="Base">
<arg>${TEST_NAME}</arg>
<arg>${CPF}</arg>
<arg>${email}</arg>
<arg>${None}</arg>
<kw name="Name" library="FakerLibrary">
<var>${name}</var>
<doc>:example 'John Doe'</doc>
<msg timestamp="20210923 19:56:03.479" level="INFO">${name} = Enzo Gabriel Nascimento</msg>
<status status="PASS" starttime="20210923 19:56:03.478" endtime="20210923 19:56:03.479"/>
</kw>
<kw name="Phone Number" library="FakerLibrary">
<var>${TELEFONEFAKE}</var>
<msg timestamp="20210923 19:56:03.482" level="INFO">${TELEFONEFAKE} = +55 84 7118 7283</msg>
<status status="PASS" starttime="20210923 19:56:03.479" endtime="20210923 19:56:03.482"/>
</kw>
<kw name="Wait Until Element Is Visible" library="SeleniumLibrary">
<arg>css:input[id="insuredPersonName"]</arg>
<doc>Waits until the element ``locator`` is visible.</doc>
<status status="PASS" starttime="20210923 19:56:03.483" endtime="20210923 19:56:03.991"/>
</kw>
<kw name="Input Text" library="SeleniumLibrary">
<arg>css:input[id="insuredPersonName"]</arg>
<arg>${name}</arg>
<doc>Types the given ``text`` into the text field identified by ``locator``.</doc>
<msg timestamp="20210923 19:56:03.992" level="INFO">Typing text 'Enzo Gabriel Nascimento' into text field 'css:input[id="insuredPersonName"]'.</msg>
<status status="PASS" starttime="20210923 19:56:03.991" endtime="20210923 19:56:04.390"/>
</kw>
<kw name="Click Element" library="SeleniumLibrary">
<arg>css:input[type='tel']</arg>
<doc>Click the element identified by ``locator``.</doc>
<msg timestamp="20210923 19:56:04.392" level="INFO">Clicking element 'css:input[type='tel']'.</msg>
<status status="PASS" starttime="20210923 19:56:04.391" endtime="20210923 19:56:04.793"/>
</kw>
<kw name="Input Text" library="SeleniumLibrary">
<arg>css:input[type='tel']</arg>
<arg>${CPF}</arg>
<doc>Types the given ``text`` into the text field identified by ``locator``.</doc>
<msg timestamp="20210923 19:56:04.794" level="INFO">Typing text 'Convert To Number 12345675209' into text field 'css:input[type='tel']'.</msg>
<status status="PASS" starttime="20210923 19:56:04.793" endtime="20210923 19:56:05.375"/>
</kw>
<kw name="Input Text" library="SeleniumLibrary">
<arg>css:input[type='email']</arg>
<arg>${email}</arg>
<doc>Types the given ``text`` into the text field identified by ``locator``.</doc>
<msg timestamp="20210923 19:56:05.376" level="INFO">Typing text 'km1@youse.com.br' into text field 'css:input[type='email']'.</msg>
<status status="PASS" starttime="20210923 19:56:05.375" endtime="20210923 19:56:05.676"/>
</kw>
<kw name="Input Text" library="SeleniumLibrary">
<arg>css:input[type='phone']</arg>
<arg>${TELEFONEFAKE}</arg>
<doc>Types the given ``text`` into the text field identified by ``locator``.</doc>
<msg timestamp="20210923 19:56:05.676" level="INFO">Typing text '+55 84 7118 7283' into text field 'css:input[type='phone']'.</msg>
<status status="PASS" starttime="20210923 19:56:05.676" endtime="20210923 19:56:05.934"/>
</kw>
<kw name="Click Element" library="SeleniumLibrary">
<arg>id:insuredPersonMaritalStatus</arg>
<doc>Click the element identified by ``locator``.</doc>
<msg timestamp="20210923 19:56:05.935" level="INFO">Clicking element 'id:insuredPersonMaritalStatus'.</msg>
<status status="PASS" starttime="20210923 19:56:05.935" endtime="20210923 19:56:06.035"/>
</kw>
<kw name="Click Element" library="SeleniumLibrary">
<arg>css:li[role="option"][data-value="single"]</arg>
<doc>Click the element identified by ``locator``.</doc>
<msg timestamp="20210923 19:56:06.036" level="INFO">Clicking element 'css:li[role="option"][data-value="single"]'.</msg>
<status status="PASS" starttime="20210923 19:56:06.035" endtime="20210923 19:56:06.184"/>
</kw>
<kw name="Wait Until Element Is Visible" library="SeleniumLibrary">
<arg>xpath://*[@id="root"]/div[2]/div/div[8]/div/div[2]/div/label[1]/span[1]/span[1]</arg>
<doc>Waits until the element ``locator`` is visible.</doc>
<status status="PASS" starttime="20210923 19:56:06.185" endtime="20210923 19:56:06.217"/>
</kw>
<kw name="Click Element" library="SeleniumLibrary">
<arg>xpath://*[@id="root"]/div[2]/div/div[8]/div/div[2]/div/label[2]/span[1]/span[1]/input</arg>
<doc>Click the element identified by ``locator``.</doc>
<msg timestamp="20210923 19:56:06.218" level="INFO">Clicking element 'xpath://*[@id="root"]/div[2]/div/div[8]/div/div[2]/div/label[2]/span[1]/span[1]/input'.</msg>
<status status="PASS" starttime="20210923 19:56:06.217" endtime="20210923 19:56:06.495"/>
</kw>
<kw name="Click Element" library="SeleniumLibrary">
<arg>xpath://*[@id="root"]/div[2]/div/div[8]/div/div[2]/div/label[1]/span[1]/span[1]</arg>
<doc>Click the element identified by ``locator``.</doc>
<msg timestamp="20210923 19:56:06.496" level="INFO">Clicking element 'xpath://*[@id="root"]/div[2]/div/div[8]/div/div[2]/div/label[1]/span[1]/span[1]'.</msg>
<status status="PASS" starttime="20210923 19:56:06.496" endtime="20210923 19:56:06.750"/>
</kw>
<status status="PASS" starttime="20210923 19:56:03.476" endtime="20210923 19:56:06.750"/>
</kw>
<kw name="E informei dados do carro" library="Base">
<kw name="Wait Until Element Is Visible" library="SeleniumLibrary">
<arg>css:button[tabindex="0"][type="button"]</arg>
<doc>Waits until the element ``locator`` is visible.</doc>
<status status="PASS" starttime="20210923 19:56:06.752" endtime="20210923 19:56:06.791"/>
</kw>
<kw name="Click Element" library="SeleniumLibrary">
<arg>css:button[tabindex="0"][type="button"]</arg>
<doc>Click the element identified by ``locator``.</doc>
<msg timestamp="20210923 19:56:06.792" level="INFO">Clicking element 'css:button[tabindex="0"][type="button"]'.</msg>
<status status="PASS" starttime="20210923 19:56:06.792" endtime="20210923 19:56:06.924"/>
</kw>
<kw name="Click Element" library="SeleniumLibrary">
<arg>css:div[role="button"][id="vehicleMake"]</arg>
<doc>Click the element identified by ``locator``.</doc>
<msg timestamp="20210923 19:56:06.925" level="INFO">Clicking element 'css:div[role="button"][id="vehicleMake"]'.</msg>
<status status="PASS" starttime="20210923 19:56:06.925" endtime="20210923 19:56:07.061"/>
</kw>
<kw name="Wait Until Element Is Visible" library="SeleniumLibrary">
<arg>css:li[tabindex="-1"][data-value="AUDI"]</arg>
<doc>Waits until the element ``locator`` is visible.</doc>
<status status="PASS" starttime="20210923 19:56:07.062" endtime="20210923 19:56:07.652"/>
</kw>
<kw name="Click Element" library="SeleniumLibrary">
<arg>css:li[tabindex="-1"][data-value="AUDI"]</arg>
<doc>Click the element identified by ``locator``.</doc>
<msg timestamp="20210923 19:56:07.653" level="INFO">Clicking element 'css:li[tabindex="-1"][data-value="AUDI"]'.</msg>
<status status="PASS" starttime="20210923 19:56:07.652" endtime="20210923 19:56:07.787"/>
</kw>
<kw name="Click Element" library="SeleniumLibrary">
<arg>xpath://*[@id="root"]/div[2]/div/div[9]/div[2]/div/div[3]/div/div/div/div</arg>
<doc>Click the element identified by ``locator``.</doc>
<msg timestamp="20210923 19:56:07.788" level="INFO">Clicking element 'xpath://*[@id="root"]/div[2]/div/div[9]/div[2]/div/div[3]/div/div/div/div'.</msg>
<status status="PASS" starttime="20210923 19:56:07.787" endtime="20210923 19:56:08.188"/>
</kw>
<kw name="Wait Until Element Is Visible" library="SeleniumLibrary">
<arg>css:li[tabindex="-1"][data-value="A4"]</arg>
<doc>Waits until the element ``locator`` is visible.</doc>
<status status="PASS" starttime="20210923 19:56:08.189" endtime="20210923 19:56:08.419"/>
</kw>
<kw name="Click Element" library="SeleniumLibrary">
<arg>css:li[tabindex="-1"][data-value="A4"]</arg>
<doc>Click the element identified by ``locator``.</doc>
<msg timestamp="20210923 19:56:08.420" level="INFO">Clicking element 'css:li[tabindex="-1"][data-value="A4"]'.</msg>
<status status="PASS" starttime="20210923 19:56:08.420" endtime="20210923 19:56:08.560"/>
</kw>
<kw name="Click Element" library="SeleniumLibrary">
<arg>css:div[role="button"][id="vehicleYear"]</arg>
<doc>Click the element identified by ``locator``.</doc>
<msg timestamp="20210923 19:56:08.562" level="INFO">Clicking element 'css:div[role="button"][id="vehicleYear"]'.</msg>
<status status="PASS" starttime="20210923 19:56:08.560" endtime="20210923 19:56:09.025"/>
</kw>
<kw name="Wait Until Element Is Visible" library="SeleniumLibrary">
<arg>css:li[tabindex="-1"][data-value="2019"]</arg>
<doc>Waits until the element ``locator`` is visible.</doc>
<status status="PASS" starttime="20210923 19:56:09.026" endtime="20210923 19:56:09.478"/>
</kw>
<kw name="Click Element" library="SeleniumLibrary">
<arg>css:li[tabindex="-1"][data-value="2019"]</arg>
<doc>Click the element identified by ``locator``.</doc>
<msg timestamp="20210923 19:56:09.478" level="INFO">Clicking element 'css:li[tabindex="-1"][data-value="2019"]'.</msg>
<status status="PASS" starttime="20210923 19:56:09.478" endtime="20210923 19:56:09.580"/>
</kw>
<kw name="Scroll Element Into View" library="SeleniumLibrary">
<arg>css:div[id="vehicleOwnershipStatus"]</arg>
<doc>Scrolls the element identified by ``locator`` into view.</doc>
<status status="PASS" starttime="20210923 19:56:09.580" endtime="20210923 19:56:09.876"/>
</kw>
<kw name="Click Element" library="SeleniumLibrary">
<arg>css:div[id="vehicleVersion"]</arg>
<doc>Click the element identified by ``locator``.</doc>
<msg timestamp="20210923 19:56:09.876" level="INFO">Clicking element 'css:div[id="vehicleVersion"]'.</msg>
<status status="PASS" starttime="20210923 19:56:09.876" endtime="20210923 19:56:10.009"/>
</kw>
<kw name="Wait Until Element Is Visible" library="SeleniumLibrary">
<arg>xpath://*[@id="menu-"]/div[3]/ul/li[1]</arg>
<doc>Waits until the element ``locator`` is visible.</doc>
<status status="PASS" starttime="20210923 19:56:10.010" endtime="20210923 19:56:10.253"/>
</kw>
<kw name="Click Element" library="SeleniumLibrary">
<arg>xpath://*[@id="menu-"]/div[3]/ul/li[1]</arg>
<doc>Click the element identified by ``locator``.</doc>
<msg timestamp="20210923 19:56:10.253" level="INFO">Clicking element 'xpath://*[@id="menu-"]/div[3]/ul/li[1]'.</msg>
<status status="PASS" starttime="20210923 19:56:10.253" endtime="20210923 19:56:10.344"/>
</kw>
<status status="PASS" starttime="20210923 19:56:06.751" endtime="20210923 19:56:10.345"/>
</kw>
<kw name="E selecionei o tipo de dono e uso do carro" library="Base">
<kw name="Wait Until Element Is Visible" library="SeleniumLibrary">
<arg>css:div[id="vehicleUsage"]</arg>
<doc>Waits until the element ``locator`` is visible.</doc>
<status status="PASS" starttime="20210923 19:56:10.347" endtime="20210923 19:56:10.385"/>
</kw>
<kw name="Click Element" library="SeleniumLibrary">
<arg>css:div[id="vehicleUsage"]</arg>
<doc>Click the element identified by ``locator``.</doc>
<msg timestamp="20210923 19:56:10.386" level="INFO">Clicking element 'css:div[id="vehicleUsage"]'.</msg>
<status status="PASS" starttime="20210923 19:56:10.385" endtime="20210923 19:56:10.643"/>
</kw>
<kw name="Wait Until Element Is Visible" library="SeleniumLibrary">
<arg>xpath://*[@id="menu-"]/div[3]/ul/li[1]</arg>
<doc>Waits until the element ``locator`` is visible.</doc>
<status status="PASS" starttime="20210923 19:56:10.643" endtime="20210923 19:56:10.665"/>
</kw>
<kw name="Click Element" library="SeleniumLibrary">
<arg>xpath://*[@id="menu-"]/div[3]/ul/li[1]</arg>
<doc>Click the element identified by ``locator``.</doc>
<msg timestamp="20210923 19:56:10.666" level="INFO">Clicking element 'xpath://*[@id="menu-"]/div[3]/ul/li[1]'.</msg>
<status status="PASS" starttime="20210923 19:56:10.665" endtime="20210923 19:56:10.813"/>
</kw>
<kw name="Wait Until Element Is Visible" library="SeleniumLibrary">
<arg>css:div[id="vehicleOwnershipStatus"]</arg>
<doc>Waits until the element ``locator`` is visible.</doc>
<status status="PASS" starttime="20210923 19:56:10.813" endtime="20210923 19:56:10.837"/>
</kw>
<kw name="Click Element" library="SeleniumLibrary">
<arg>css:div[id="vehicleOwnershipStatus"]</arg>
<doc>Click the element identified by ``locator``.</doc>
<msg timestamp="20210923 19:56:10.837" level="INFO">Clicking element 'css:div[id="vehicleOwnershipStatus"]'.</msg>
<status status="PASS" starttime="20210923 19:56:10.837" endtime="20210923 19:56:11.145"/>
</kw>
<kw name="Click Element" library="SeleniumLibrary">
<arg>css:li[data-value="owned_by_person"]</arg>
<doc>Click the element identified by ``locator``.</doc>
<msg timestamp="20210923 19:56:11.146" level="INFO">Clicking element 'css:li[data-value="owned_by_person"]'.</msg>
<status status="PASS" starttime="20210923 19:56:11.145" endtime="20210923 19:56:11.253"/>
</kw>
<kw name="Click Element" library="SeleniumLibrary">
<arg>css:li[data-value="owned_by_person"]</arg>
<doc>Click the element identified by ``locator``.</doc>
<msg timestamp="20210923 19:56:11.254" level="INFO">Clicking element 'css:li[data-value="owned_by_person"]'.</msg>
<status status="PASS" starttime="20210923 19:56:11.253" endtime="20210923 19:56:11.338"/>
</kw>
<status status="PASS" starttime="20210923 19:56:10.345" endtime="20210923 19:56:11.339"/>
</kw>
<kw name="E informei os dados de pernoite" library="Base">
<arg>${CEP}</arg>
<arg>${AddressNumber}</arg>
<kw name="Sleep" library="BuiltIn">
<arg>1</arg>
<doc>Pauses the test executed for the given time.</doc>
<msg timestamp="20210923 19:56:12.342" level="INFO">Slept 1 second</msg>
<status status="PASS" starttime="20210923 19:56:11.341" endtime="20210923 19:56:12.343"/>
</kw>
<kw name="Wait Until Element Is Visible" library="SeleniumLibrary">
<arg>css:div[spacing="[object Object]"][class="sc-dlnjwi kVWFtv"]</arg>
<doc>Waits until the element ``locator`` is visible.</doc>
<kw name="Capture Page Screenshot" library="SeleniumLibrary">
<doc>Takes a screenshot of the current page and embeds it into a log file.</doc>
<msg timestamp="20210923 19:57:02.542" level="INFO" html="true">&lt;/td&gt;&lt;/tr&gt;&lt;tr&gt;&lt;td colspan="3"&gt;&lt;a href="selenium-screenshot-100.png"&gt;&lt;img src="selenium-screenshot-100.png" width="800px"&gt;&lt;/a&gt;</msg>
<status status="PASS" starttime="20210923 19:57:02.405" endtime="20210923 19:57:02.542"/>
</kw>
<msg timestamp="20210923 19:57:02.547" level="FAIL">Element 'css:div[spacing="[object Object]"][class="sc-dlnjwi kVWFtv"]' not visible after 50 seconds.</msg>
<status status="FAIL" starttime="20210923 19:56:12.343" endtime="20210923 19:57:02.547"/>
</kw>
<kw name="Click Element" library="SeleniumLibrary">
<arg>css:div[spacing="[object Object]"][class="sc-dlnjwi kVWFtv"]</arg>
<doc>Click the element identified by ``locator``.</doc>
<status status="NOT RUN" starttime="20210923 19:57:02.547" endtime="20210923 19:57:02.547"/>
</kw>
<kw name="Input Text" library="SeleniumLibrary">
<arg>xpath://*[@id="root"]/div[2]/div/div[13]/div[2]/div/div[2]/div/input</arg>
<arg>${CEP}</arg>
<doc>Types the given ``text`` into the text field identified by ``locator``.</doc>
<status status="NOT RUN" starttime="20210923 19:57:02.547" endtime="20210923 19:57:02.548"/>
</kw>
<kw name="Click Element" library="SeleniumLibrary">
<arg>css:input[id="insuredPersonAddressNeighborhood"]</arg>
<doc>Click the element identified by ``locator``.</doc>
<status status="NOT RUN" starttime="20210923 19:57:02.548" endtime="20210923 19:57:02.548"/>
</kw>
<kw name="Input Text" library="SeleniumLibrary">
<arg>css:input[id="insuredPersonAddressNumber"]</arg>
<arg>${AddressNumber}</arg>
<doc>Types the given ``text`` into the text field identified by ``locator``.</doc>
<status status="NOT RUN" starttime="20210923 19:57:02.548" endtime="20210923 19:57:02.548"/>
</kw>
<kw name="Click Element" library="SeleniumLibrary">
<arg>xpath://*[@id="root"]/div[2]/div/div[15]/div/div[2]/div/label[1]/span[1]/span[1]</arg>
<doc>Click the element identified by ``locator``.</doc>
<status status="NOT RUN" starttime="20210923 19:57:02.548" endtime="20210923 19:57:02.548"/>
</kw>
<kw name="Wait Until Element Is Visible" library="SeleniumLibrary">
<arg>css:button[class="sc-fnVZcZ kApXCP"]</arg>
<doc>Waits until the element ``locator`` is visible.</doc>
<status status="NOT RUN" starttime="20210923 19:57:02.548" endtime="20210923 19:57:02.548"/>
</kw>
<kw name="Click Element" library="SeleniumLibrary">
<arg>css:button[class="sc-fnVZcZ kApXCP"]</arg>
<doc>Click the element identified by ``locator``.</doc>
<status status="NOT RUN" starttime="20210923 19:57:02.548" endtime="20210923 19:57:02.548"/>
</kw>
<status status="FAIL" starttime="20210923 19:56:11.340" endtime="20210923 19:57:02.549"/>
</kw>
<kw name="E selecionei o plano" library="Base">
<status status="NOT RUN" starttime="20210923 19:57:02.549" endtime="20210923 19:57:02.549"/>
</kw>
<kw name="Quando eu preencher os dados do cartão de crédito" library="Base">
<arg>${card}</arg>
<arg>${date}</arg>
<arg>${cvv}</arg>
<arg>${TEST_NAME}</arg>
<status status="NOT RUN" starttime="20210923 19:57:02.550" endtime="20210923 19:57:02.550"/>
</kw>
<kw name="E confirmar o email" library="Base">
<arg>${email}</arg>
<status status="NOT RUN" starttime="20210923 19:57:02.550" endtime="20210923 19:57:02.551"/>
</kw>
<kw name="E encerrar a compra" library="Base">
<status status="NOT RUN" starttime="20210923 19:57:02.551" endtime="20210923 19:57:02.551"/>
</kw>
<kw name="Então devo visualizar a tela de sucesso" library="Base">
<status status="NOT RUN" starttime="20210923 19:57:02.551" endtime="20210923 19:57:02.551"/>
</kw>
<kw name="Encerra sessão" library="Base" type="TEARDOWN">
<kw name="Capture Page Screenshot" library="SeleniumLibrary">
<doc>Takes a screenshot of the current page and embeds it into a log file.</doc>
<msg timestamp="20210923 19:57:02.685" level="INFO" html="true">&lt;/td&gt;&lt;/tr&gt;&lt;tr&gt;&lt;td colspan="3"&gt;&lt;a href="selenium-screenshot-101.png"&gt;&lt;img src="selenium-screenshot-101.png" width="800px"&gt;&lt;/a&gt;</msg>
<status status="PASS" starttime="20210923 19:57:02.553" endtime="20210923 19:57:02.685"/>
</kw>
<kw name="Close All Browsers" library="SeleniumLibrary">
<doc>Closes all open browsers and resets the browser cache.</doc>
<status status="PASS" starttime="20210923 19:57:02.686" endtime="20210923 19:57:02.974"/>
</kw>
<status status="PASS" starttime="20210923 19:57:02.552" endtime="20210923 19:57:02.974"/>
</kw>
<status status="FAIL" starttime="20210923 19:55:55.026" endtime="20210923 19:57:02.976">Element 'css:div[spacing="[object Object]"][class="sc-dlnjwi kVWFtv"]' not visible after 50 seconds.</status>
</test>
<status status="FAIL" starttime="20210923 19:55:54.227" endtime="20210923 19:57:02.983"/>
</suite>
<statistics>
<total>
<stat pass="0" fail="1" skip="0">All Tests</stat>
</total>
<tag>
</tag>
<suite>
<stat pass="0" fail="1" skip="0" id="s1" name="Buy With Details Vehicle">Buy With Details Vehicle</stat>
</suite>
</statistics>
<errors>
</errors>
</robot>
